<?xml version="1.0" encoding="UTF-8"?>
<testng-results skipped="0" failed="2" ignored="0" total="3" passed="1">
  <reporter-output>
  </reporter-output>
  <suite name="Default suite" duration-ms="362154" started-at="2019-09-19T06:16:59Z" finished-at="2019-09-19T06:23:01Z">
    <groups>
    </groups>
    <test name="Default test" duration-ms="362154" started-at="2019-09-19T06:16:59Z" finished-at="2019-09-19T06:23:01Z">
      <class name="kz.olx.runTest">
        <test-method status="PASS" signature="launchApp()[pri:0, instance:kz.olx.runTest@7e0b0338]" name="launchApp" is-config="true" duration-ms="24027" started-at="2019-09-19T06:16:59Z" finished-at="2019-09-19T06:17:23Z">
          <reporter-output>
          </reporter-output>
        </test-method> <!-- launchApp -->
        <test-method status="PASS" signature="startReport()[pri:0, instance:kz.olx.runTest@7e0b0338]" name="startReport" is-config="true" duration-ms="5132" started-at="2019-09-19T06:17:23Z" finished-at="2019-09-19T06:17:28Z">
          <reporter-output>
          </reporter-output>
        </test-method> <!-- startReport -->
        <test-method status="PASS" signature="startTest(java.lang.String, java.lang.String, java.lang.String, java.lang.String, java.lang.String, java.lang.String, java.lang.String, java.lang.String, java.lang.String, java.lang.String)[pri:0, instance:kz.olx.runTest@7e0b0338]" name="startTest" duration-ms="96263" started-at="2019-09-19T06:17:28Z" data-provider="getCsvData" finished-at="2019-09-19T06:19:04Z">
          <params>
            <param index="0">
              <value>
                <![CDATA[77767517078]]>
              </value>
            </param>
            <param index="1">
              <value>
                <![CDATA[AKPEPT37]]>
              </value>
            </param>
            <param index="2">
              <value>
                <![CDATA[cat1]]>
              </value>
            </param>
            <param index="3">
              <value>
                <![CDATA[Алматы, Алатауский район]]>
              </value>
            </param>
            <param index="4">
              <value>
                <![CDATA[sell Sony PlayStation plus games, plus two joysticks]]>
              </value>
            </param>
            <param index="5">
              <value>
                <![CDATA[70000]]>
              </value>
            </param>
            <param index="6">
              <value>
                <![CDATA[sony plastation 4]]>
              </value>
            </param>
            <param index="7">
              <value>
                <![CDATA[кирил]]>
              </value>
            </param>
            <param index="8">
              <value>
                <![CDATA[tregfjfj@mail.ru]]>
              </value>
            </param>
            <param index="9">
              <value>
                <![CDATA[2]]>
              </value>
            </param>
          </params>
          <reporter-output>
          </reporter-output>
        </test-method> <!-- startTest -->
        <test-method status="PASS" signature="getResults(org.testng.ITestResult)[pri:0, instance:kz.olx.runTest@7e0b0338]" name="getResults" is-config="true" duration-ms="9" started-at="2019-09-19T06:19:04Z" finished-at="2019-09-19T06:19:04Z">
          <params>
            <param index="0">
              <value>
                <![CDATA[[TestResult name=startTest status=SUCCESS method=runTest.startTest(java.lang.String, java.lang.String, java.lang.String, java.lang.String, java.lang.String, java.lang.String, java.lang.String, java.lang.String, java.lang.String, java.lang.String)[pri:0, instance:kz.olx.runTest@7e0b0338] output={null}]]]>
              </value>
            </param>
          </params>
          <reporter-output>
          </reporter-output>
        </test-method> <!-- getResults -->
        <test-method status="FAIL" signature="startTest(java.lang.String, java.lang.String, java.lang.String, java.lang.String, java.lang.String, java.lang.String, java.lang.String, java.lang.String, java.lang.String, java.lang.String)[pri:0, instance:kz.olx.runTest@7e0b0338]" name="startTest" duration-ms="138603" started-at="2019-09-19T06:19:04Z" data-provider="getCsvData" finished-at="2019-09-19T06:21:23Z">
          <params>
            <param index="0">
              <value>
                <![CDATA[77079154354]]>
              </value>
            </param>
            <param index="1">
              <value>
                <![CDATA[KNF8KBMK]]>
              </value>
            </param>
            <param index="2">
              <value>
                <![CDATA[cat5]]>
              </value>
            </param>
            <param index="3">
              <value>
                <![CDATA[Алматы, Алатауский район]]>
              </value>
            </param>
            <param index="4">
              <value>
                <![CDATA[sell iPad in new condition and in the package]]>
              </value>
            </param>
            <param index="5">
              <value>
                <![CDATA[100000]]>
              </value>
            </param>
            <param index="6">
              <value>
                <![CDATA[iPad]]>
              </value>
            </param>
            <param index="7">
              <value>
                <![CDATA[кирил]]>
              </value>
            </param>
            <param index="8">
              <value>
                <![CDATA[tregfjfj@mail.ru]]>
              </value>
            </param>
            <param index="9">
              <value>
                <![CDATA[3]]>
              </value>
            </param>
          </params>
          <exception class="org.openqa.selenium.NoSuchElementException">
            <message>
              <![CDATA[An element could not be located on the page using the given search parameters.
For documentation on this error, please visit: https://www.seleniumhq.org/exceptions/no_such_element.html
Build info: version: '3.141.59', revision: 'e82be7d358', time: '2018-11-14T08:17:03'
System info: host: 'Admins-MacBook-Air.local', ip: 'fe80:0:0:0:cc7:7bad:f167:d371%en0', os.name: 'Mac OS X', os.arch: 'x86_64', os.version: '10.14.5', java.version: '1.8.0_211'
Driver info: io.appium.java_client.android.AndroidDriver
Capabilities {appActivity: pl.tablica2.app.startup.act..., appPackage: kz.slando, autoGrantPermissions: true, automationName: UiAutomator2, browserName: , databaseEnabled: false, desired: {appActivity: pl.tablica2.app.startup.act..., appPackage: kz.slando, autoGrantPermissions: true, automationName: UiAutomator2, browserName: , deviceName: Redmi 4, platformName: android, platformVersion: 7.1.2, udid: 8da7f05c7d44}, deviceApiLevel: 25, deviceManufacturer: Xiaomi, deviceModel: Redmi 4, deviceName: 8da7f05c7d44, deviceScreenDensity: 320, deviceScreenSize: 720x1280, deviceUDID: 8da7f05c7d44, javascriptEnabled: true, locationContextEnabled: false, networkConnectionEnabled: true, pixelRatio: 2, platform: LINUX, platformName: Android, platformVersion: 7.1.2, statBarHeight: 50, takesScreenshot: true, udid: 8da7f05c7d44, viewportRect: {height: 1230, left: 0, top: 50, width: 720}, warnings: {}, webStorageEnabled: false}
Session ID: 8d04c610-42ef-4c77-aac8-1b7c2e41064a
*** Element info: {Using=xpath, value=//*[@text='Реклама']}]]>
            </message>
            <full-stacktrace>
              <![CDATA[org.openqa.selenium.NoSuchElementException: An element could not be located on the page using the given search parameters.
For documentation on this error, please visit: https://www.seleniumhq.org/exceptions/no_such_element.html
Build info: version: '3.141.59', revision: 'e82be7d358', time: '2018-11-14T08:17:03'
System info: host: 'Admins-MacBook-Air.local', ip: 'fe80:0:0:0:cc7:7bad:f167:d371%en0', os.name: 'Mac OS X', os.arch: 'x86_64', os.version: '10.14.5', java.version: '1.8.0_211'
Driver info: io.appium.java_client.android.AndroidDriver
Capabilities {appActivity: pl.tablica2.app.startup.act..., appPackage: kz.slando, autoGrantPermissions: true, automationName: UiAutomator2, browserName: , databaseEnabled: false, desired: {appActivity: pl.tablica2.app.startup.act..., appPackage: kz.slando, autoGrantPermissions: true, automationName: UiAutomator2, browserName: , deviceName: Redmi 4, platformName: android, platformVersion: 7.1.2, udid: 8da7f05c7d44}, deviceApiLevel: 25, deviceManufacturer: Xiaomi, deviceModel: Redmi 4, deviceName: 8da7f05c7d44, deviceScreenDensity: 320, deviceScreenSize: 720x1280, deviceUDID: 8da7f05c7d44, javascriptEnabled: true, locationContextEnabled: false, networkConnectionEnabled: true, pixelRatio: 2, platform: LINUX, platformName: Android, platformVersion: 7.1.2, statBarHeight: 50, takesScreenshot: true, udid: 8da7f05c7d44, viewportRect: {height: 1230, left: 0, top: 50, width: 720}, warnings: {}, webStorageEnabled: false}
Session ID: 8d04c610-42ef-4c77-aac8-1b7c2e41064a
*** Element info: {Using=xpath, value=//*[@text='Реклама']}
at sun.reflect.NativeConstructorAccessorImpl.newInstance0(Native Method)
at sun.reflect.NativeConstructorAccessorImpl.newInstance(NativeConstructorAccessorImpl.java:62)
at sun.reflect.DelegatingConstructorAccessorImpl.newInstance(DelegatingConstructorAccessorImpl.java:45)
at java.lang.reflect.Constructor.newInstance(Constructor.java:423)
at org.openqa.selenium.remote.http.W3CHttpResponseCodec.createException(W3CHttpResponseCodec.java:187)
at org.openqa.selenium.remote.http.W3CHttpResponseCodec.decode(W3CHttpResponseCodec.java:122)
at org.openqa.selenium.remote.http.W3CHttpResponseCodec.decode(W3CHttpResponseCodec.java:49)
at org.openqa.selenium.remote.HttpCommandExecutor.execute(HttpCommandExecutor.java:158)
at io.appium.java_client.remote.AppiumCommandExecutor.execute(AppiumCommandExecutor.java:239)
at org.openqa.selenium.remote.RemoteWebDriver.execute(RemoteWebDriver.java:552)
at io.appium.java_client.DefaultGenericMobileDriver.execute(DefaultGenericMobileDriver.java:41)
at io.appium.java_client.AppiumDriver.execute(AppiumDriver.java:1)
at io.appium.java_client.android.AndroidDriver.execute(AndroidDriver.java:1)
at org.openqa.selenium.remote.RemoteWebDriver.findElement(RemoteWebDriver.java:323)
at io.appium.java_client.DefaultGenericMobileDriver.findElement(DefaultGenericMobileDriver.java:61)
at io.appium.java_client.AppiumDriver.findElement(AppiumDriver.java:1)
at io.appium.java_client.android.AndroidDriver.findElement(AndroidDriver.java:1)
at org.openqa.selenium.remote.RemoteWebDriver.findElementByXPath(RemoteWebDriver.java:428)
at io.appium.java_client.DefaultGenericMobileDriver.findElementByXPath(DefaultGenericMobileDriver.java:151)
at io.appium.java_client.AppiumDriver.findElementByXPath(AppiumDriver.java:1)
at io.appium.java_client.android.AndroidDriver.findElementByXPath(AndroidDriver.java:1)
at org.openqa.selenium.By$ByXPath.findElement(By.java:353)
at org.openqa.selenium.remote.RemoteWebDriver.findElement(RemoteWebDriver.java:315)
at io.appium.java_client.DefaultGenericMobileDriver.findElement(DefaultGenericMobileDriver.java:57)
at io.appium.java_client.AppiumDriver.findElement(AppiumDriver.java:1)
at io.appium.java_client.android.AndroidDriver.findElement(AndroidDriver.java:1)
at kz.olx.preConditions.submitForm(preConditions.java:384)
at kz.olx.runTest.firstTimeLogin(runTest.java:105)
at kz.olx.runTest.startTest(runTest.java:48)
at sun.reflect.NativeMethodAccessorImpl.invoke0(Native Method)
at sun.reflect.NativeMethodAccessorImpl.invoke(NativeMethodAccessorImpl.java:62)
at sun.reflect.DelegatingMethodAccessorImpl.invoke(DelegatingMethodAccessorImpl.java:43)
at java.lang.reflect.Method.invoke(Method.java:498)
at org.testng.internal.MethodInvocationHelper.invokeMethod(MethodInvocationHelper.java:124)
at org.testng.internal.Invoker.invokeMethod(Invoker.java:583)
at org.testng.internal.Invoker.invokeTestMethod(Invoker.java:719)
at org.testng.internal.Invoker.invokeTestMethods(Invoker.java:989)
at org.testng.internal.TestMethodWorker.invokeTestMethods(TestMethodWorker.java:125)
at org.testng.internal.TestMethodWorker.run(TestMethodWorker.java:109)
at org.testng.TestRunner.privateRun(TestRunner.java:648)
at org.testng.TestRunner.run(TestRunner.java:505)
at org.testng.SuiteRunner.runTest(SuiteRunner.java:455)
at org.testng.SuiteRunner.runSequentially(SuiteRunner.java:450)
at org.testng.SuiteRunner.privateRun(SuiteRunner.java:415)
at org.testng.SuiteRunner.run(SuiteRunner.java:364)
at org.testng.SuiteRunnerWorker.runSuite(SuiteRunnerWorker.java:52)
at org.testng.SuiteRunnerWorker.run(SuiteRunnerWorker.java:84)
at org.testng.TestNG.runSuitesSequentially(TestNG.java:1208)
at org.testng.TestNG.runSuitesLocally(TestNG.java:1137)
at org.testng.TestNG.runSuites(TestNG.java:1049)
at org.testng.TestNG.run(TestNG.java:1017)
at org.testng.remote.AbstractRemoteTestNG.run(AbstractRemoteTestNG.java:115)
at org.testng.remote.RemoteTestNG.initAndRun(RemoteTestNG.java:251)
at org.testng.remote.RemoteTestNG.main(RemoteTestNG.java:77)
]]>
            </full-stacktrace>
          </exception> <!-- org.openqa.selenium.NoSuchElementException -->
          <reporter-output>
          </reporter-output>
        </test-method> <!-- startTest -->
        <test-method status="PASS" signature="getResults(org.testng.ITestResult)[pri:0, instance:kz.olx.runTest@7e0b0338]" name="getResults" is-config="true" duration-ms="5303" started-at="2019-09-19T06:21:23Z" finished-at="2019-09-19T06:21:28Z">
          <params>
            <param index="0">
              <value>
                <![CDATA[[TestResult name=startTest status=FAILURE method=runTest.startTest(java.lang.String, java.lang.String, java.lang.String, java.lang.String, java.lang.String, java.lang.String, java.lang.String, java.lang.String, java.lang.String, java.lang.String)[pri:0, instance:kz.olx.runTest@7e0b0338] output={null}]]]>
              </value>
            </param>
          </params>
          <reporter-output>
          </reporter-output>
        </test-method> <!-- getResults -->
        <test-method status="FAIL" signature="startTest(java.lang.String, java.lang.String, java.lang.String, java.lang.String, java.lang.String, java.lang.String, java.lang.String, java.lang.String, java.lang.String, java.lang.String)[pri:0, instance:kz.olx.runTest@7e0b0338]" name="startTest" duration-ms="82069" started-at="2019-09-19T06:21:28Z" data-provider="getCsvData" finished-at="2019-09-19T06:22:50Z">
          <params>
            <param index="0">
              <value>
                <![CDATA[77767517099]]>
              </value>
            </param>
            <param index="1">
              <value>
                <![CDATA[792267SM]]>
              </value>
            </param>
            <param index="2">
              <value>
                <![CDATA[cat6]]>
              </value>
            </param>
            <param index="3">
              <value>
                <![CDATA[Алматы, Акмалинский район]]>
              </value>
            </param>
            <param index="4">
              <value>
                <![CDATA[sell xiaomi tablet in new condition and in the package]]>
              </value>
            </param>
            <param index="5">
              <value>
                <![CDATA[100000]]>
              </value>
            </param>
            <param index="6">
              <value>
                <![CDATA[xiaomi tablet]]>
              </value>
            </param>
            <param index="7">
              <value>
                <![CDATA[кирил]]>
              </value>
            </param>
            <param index="8">
              <value>
                <![CDATA[tregfjfj@mail.ru]]>
              </value>
            </param>
            <param index="9">
              <value>
                <![CDATA[5]]>
              </value>
            </param>
          </params>
          <exception class="java.lang.AssertionError">
            <message>
              <![CDATA[expected [true] but found [false]]]>
            </message>
            <full-stacktrace>
              <![CDATA[java.lang.AssertionError: expected [true] but found [false]
at org.testng.Assert.fail(Assert.java:96)
at org.testng.Assert.failNotEquals(Assert.java:776)
at org.testng.Assert.assertEqualsImpl(Assert.java:137)
at org.testng.Assert.assertEquals(Assert.java:118)
at org.testng.Assert.assertEquals(Assert.java:568)
at org.testng.Assert.assertEquals(Assert.java:578)
at kz.olx.preConditions.setLocation(preConditions.java:346)
at kz.olx.preConditions.fillAdForm(preConditions.java:355)
at kz.olx.runTest.firstTimeLogin(runTest.java:103)
at kz.olx.runTest.startTest(runTest.java:48)
at sun.reflect.NativeMethodAccessorImpl.invoke0(Native Method)
at sun.reflect.NativeMethodAccessorImpl.invoke(NativeMethodAccessorImpl.java:62)
at sun.reflect.DelegatingMethodAccessorImpl.invoke(DelegatingMethodAccessorImpl.java:43)
at java.lang.reflect.Method.invoke(Method.java:498)
at org.testng.internal.MethodInvocationHelper.invokeMethod(MethodInvocationHelper.java:124)
at org.testng.internal.Invoker.invokeMethod(Invoker.java:583)
at org.testng.internal.Invoker.invokeTestMethod(Invoker.java:719)
at org.testng.internal.Invoker.invokeTestMethods(Invoker.java:989)
at org.testng.internal.TestMethodWorker.invokeTestMethods(TestMethodWorker.java:125)
at org.testng.internal.TestMethodWorker.run(TestMethodWorker.java:109)
at org.testng.TestRunner.privateRun(TestRunner.java:648)
at org.testng.TestRunner.run(TestRunner.java:505)
at org.testng.SuiteRunner.runTest(SuiteRunner.java:455)
at org.testng.SuiteRunner.runSequentially(SuiteRunner.java:450)
at org.testng.SuiteRunner.privateRun(SuiteRunner.java:415)
at org.testng.SuiteRunner.run(SuiteRunner.java:364)
at org.testng.SuiteRunnerWorker.runSuite(SuiteRunnerWorker.java:52)
at org.testng.SuiteRunnerWorker.run(SuiteRunnerWorker.java:84)
at org.testng.TestNG.runSuitesSequentially(TestNG.java:1208)
at org.testng.TestNG.runSuitesLocally(TestNG.java:1137)
at org.testng.TestNG.runSuites(TestNG.java:1049)
at org.testng.TestNG.run(TestNG.java:1017)
at org.testng.remote.AbstractRemoteTestNG.run(AbstractRemoteTestNG.java:115)
at org.testng.remote.RemoteTestNG.initAndRun(RemoteTestNG.java:251)
at org.testng.remote.RemoteTestNG.main(RemoteTestNG.java:77)
]]>
            </full-stacktrace>
          </exception> <!-- java.lang.AssertionError -->
          <reporter-output>
          </reporter-output>
        </test-method> <!-- startTest -->
        <test-method status="PASS" signature="getResults(org.testng.ITestResult)[pri:0, instance:kz.olx.runTest@7e0b0338]" name="getResults" is-config="true" duration-ms="7944" started-at="2019-09-19T06:22:50Z" finished-at="2019-09-19T06:22:58Z">
          <params>
            <param index="0">
              <value>
                <![CDATA[[TestResult name=startTest status=FAILURE method=runTest.startTest(java.lang.String, java.lang.String, java.lang.String, java.lang.String, java.lang.String, java.lang.String, java.lang.String, java.lang.String, java.lang.String, java.lang.String)[pri:0, instance:kz.olx.runTest@7e0b0338] output={null}]]]>
              </value>
            </param>
          </params>
          <reporter-output>
          </reporter-output>
        </test-method> <!-- getResults -->
        <test-method status="PASS" signature="closeApp()[pri:0, instance:kz.olx.runTest@7e0b0338]" name="closeApp" is-config="true" duration-ms="2338" started-at="2019-09-19T06:22:58Z" finished-at="2019-09-19T06:23:01Z">
          <reporter-output>
          </reporter-output>
        </test-method> <!-- closeApp -->
        <test-method status="PASS" signature="endReport()[pri:0, instance:kz.olx.runTest@7e0b0338]" name="endReport" is-config="true" duration-ms="433" started-at="2019-09-19T06:23:01Z" finished-at="2019-09-19T06:23:01Z">
          <reporter-output>
          </reporter-output>
        </test-method> <!-- endReport -->
      </class> <!-- kz.olx.runTest -->
    </test> <!-- Default test -->
  </suite> <!-- Default suite -->
</testng-results>
