<?xml version="1.0" encoding="UTF-8"?>
<!-- Generated by org.testng.reporters.JUnitXMLReporter -->
<testsuite hostname="Admins-MacBook-Air.local" ignored="0" name="Test" tests="5" failures="3" timestamp="18 Sep 2019 21:23:05 GMT" time="759.97" errors="0">
  <testcase name="@AfterMethod getResults" time="41.762" classname="kz.olx.runTest">
    <failure type="org.openqa.selenium.NoSuchElementException" message="An element could not be located on the page using the given search parameters.
For documentation on this error, please visit: https://www.seleniumhq.org/exceptions/no_such_element.html
Build info: version: &amp;apos;3.141.59&amp;apos;, revision: &amp;apos;e82be7d358&amp;apos;, time: &amp;apos;2018-11-14T08:17:03&amp;apos;
System info: host: &amp;apos;Admins-MacBook-Air.local&amp;apos;, ip: &amp;apos;fe80:0:0:0:c96:6d90:adce:c7cc%en0&amp;apos;, os.name: &amp;apos;Mac OS X&amp;apos;, os.arch: &amp;apos;x86_64&amp;apos;, os.version: &amp;apos;10.14.5&amp;apos;, java.version: &amp;apos;1.8.0_211&amp;apos;
Driver info: io.appium.java_client.android.AndroidDriver
Capabilities {appActivity: pl.tablica2.app.startup.act..., appPackage: kz.slando, autoGrantPermissions: true, automationName: UiAutomator2, browserName: , databaseEnabled: false, desired: {appActivity: pl.tablica2.app.startup.act..., appPackage: kz.slando, autoGrantPermissions: true, automationName: UiAutomator2, browserName: , deviceName: Redmi 4, platformName: android, platformVersion: 7.1.2, udid: 8da7f05c7d44}, deviceApiLevel: 25, deviceManufacturer: Xiaomi, deviceModel: Redmi 4, deviceName: 8da7f05c7d44, deviceScreenDensity: 320, deviceScreenSize: 720x1280, deviceUDID: 8da7f05c7d44, javascriptEnabled: true, locationContextEnabled: false, networkConnectionEnabled: true, pixelRatio: 2, platform: LINUX, platformName: Android, platformVersion: 7.1.2, statBarHeight: 50, takesScreenshot: true, udid: 8da7f05c7d44, viewportRect: {height: 1230, left: 0, top: 50, width: 720}, warnings: {}, webStorageEnabled: false}
Session ID: 5f68605e-8c3d-4b28-8331-9a537d24d5a5
*** Element info: {Using=xpath, value=//*[@resource-id=&amp;apos;kz.slando:id/action_bar&amp;apos;]/android.widget.TextView}">
      <![CDATA[org.openqa.selenium.NoSuchElementException: An element could not be located on the page using the given search parameters.
For documentation on this error, please visit: https://www.seleniumhq.org/exceptions/no_such_element.html
Build info: version: '3.141.59', revision: 'e82be7d358', time: '2018-11-14T08:17:03'
System info: host: 'Admins-MacBook-Air.local', ip: 'fe80:0:0:0:c96:6d90:adce:c7cc%en0', os.name: 'Mac OS X', os.arch: 'x86_64', os.version: '10.14.5', java.version: '1.8.0_211'
Driver info: io.appium.java_client.android.AndroidDriver
Capabilities {appActivity: pl.tablica2.app.startup.act..., appPackage: kz.slando, autoGrantPermissions: true, automationName: UiAutomator2, browserName: , databaseEnabled: false, desired: {appActivity: pl.tablica2.app.startup.act..., appPackage: kz.slando, autoGrantPermissions: true, automationName: UiAutomator2, browserName: , deviceName: Redmi 4, platformName: android, platformVersion: 7.1.2, udid: 8da7f05c7d44}, deviceApiLevel: 25, deviceManufacturer: Xiaomi, deviceModel: Redmi 4, deviceName: 8da7f05c7d44, deviceScreenDensity: 320, deviceScreenSize: 720x1280, deviceUDID: 8da7f05c7d44, javascriptEnabled: true, locationContextEnabled: false, networkConnectionEnabled: true, pixelRatio: 2, platform: LINUX, platformName: Android, platformVersion: 7.1.2, statBarHeight: 50, takesScreenshot: true, udid: 8da7f05c7d44, viewportRect: {height: 1230, left: 0, top: 50, width: 720}, warnings: {}, webStorageEnabled: false}
Session ID: 5f68605e-8c3d-4b28-8331-9a537d24d5a5
*** Element info: {Using=xpath, value=//*[@resource-id='kz.slando:id/action_bar']/android.widget.TextView}
at org.openqa.selenium.remote.http.W3CHttpResponseCodec.createException(W3CHttpResponseCodec.java:187)
at org.openqa.selenium.remote.http.W3CHttpResponseCodec.decode(W3CHttpResponseCodec.java:122)
at org.openqa.selenium.remote.http.W3CHttpResponseCodec.decode(W3CHttpResponseCodec.java:49)
at org.openqa.selenium.remote.HttpCommandExecutor.execute(HttpCommandExecutor.java:158)
at io.appium.java_client.remote.AppiumCommandExecutor.execute(AppiumCommandExecutor.java:239)
at org.openqa.selenium.remote.RemoteWebDriver.execute(RemoteWebDriver.java:552)
at io.appium.java_client.DefaultGenericMobileDriver.execute(DefaultGenericMobileDriver.java:41)
at io.appium.java_client.AppiumDriver.execute(AppiumDriver.java:1)
at io.appium.java_client.android.AndroidDriver.execute(AndroidDriver.java:1)
at org.openqa.selenium.remote.RemoteWebDriver.findElement(RemoteWebDriver.java:323)
at io.appium.java_client.DefaultGenericMobileDriver.findElement(DefaultGenericMobileDriver.java:61)
at io.appium.java_client.AppiumDriver.findElement(AppiumDriver.java:1)
at io.appium.java_client.android.AndroidDriver.findElement(AndroidDriver.java:1)
at org.openqa.selenium.remote.RemoteWebDriver.findElementByXPath(RemoteWebDriver.java:428)
at io.appium.java_client.DefaultGenericMobileDriver.findElementByXPath(DefaultGenericMobileDriver.java:151)
at io.appium.java_client.AppiumDriver.findElementByXPath(AppiumDriver.java:1)
at io.appium.java_client.android.AndroidDriver.findElementByXPath(AndroidDriver.java:1)
at org.openqa.selenium.By$ByXPath.findElement(By.java:353)
at org.openqa.selenium.remote.RemoteWebDriver.findElement(RemoteWebDriver.java:315)
at io.appium.java_client.DefaultGenericMobileDriver.findElement(DefaultGenericMobileDriver.java:57)
at io.appium.java_client.AppiumDriver.findElement(AppiumDriver.java:1)
at io.appium.java_client.android.AndroidDriver.findElement(AndroidDriver.java:1)
at kz.olx.preConditions.openHomeScreen(preConditions.java:379)
at kz.olx.runTest.getResults(runTest.java:61)
... Removed 32 stack frames]]>
    </failure>
  </testcase> <!-- @AfterMethod getResults -->
  <testcase name="@AfterTest closeApp" time="0.0" classname="kz.olx.preConditions">
    <skipped/>
  </testcase> <!-- @AfterTest closeApp -->
  <testcase name="startTest" time="103.527" classname="kz.olx.runTest"/>
  <testcase name="startTest" time="146.106" classname="kz.olx.runTest"/>
  <testcase name="startTest" time="123.595" classname="kz.olx.runTest">
    <failure type="java.lang.AssertionError" message="expected [true] but found [false]">
      <![CDATA[java.lang.AssertionError: expected [true] but found [false]
at kz.olx.preConditions.setLocation(preConditions.java:301)
at kz.olx.preConditions.fillAdForm(preConditions.java:310)
at kz.olx.runTest.firstTimeLogin(runTest.java:95)
at kz.olx.runTest.startTest(runTest.java:44)
... Removed 31 stack frames]]>
    </failure>
  </testcase> <!-- startTest -->
  <testcase name="startTest" time="226.671" classname="kz.olx.runTest">
    <failure type="org.openqa.selenium.NoSuchElementException" message="An element could not be located on the page using the given search parameters.
For documentation on this error, please visit: https://www.seleniumhq.org/exceptions/no_such_element.html
Build info: version: &amp;apos;3.141.59&amp;apos;, revision: &amp;apos;e82be7d358&amp;apos;, time: &amp;apos;2018-11-14T08:17:03&amp;apos;
System info: host: &amp;apos;Admins-MacBook-Air.local&amp;apos;, ip: &amp;apos;fe80:0:0:0:c96:6d90:adce:c7cc%en0&amp;apos;, os.name: &amp;apos;Mac OS X&amp;apos;, os.arch: &amp;apos;x86_64&amp;apos;, os.version: &amp;apos;10.14.5&amp;apos;, java.version: &amp;apos;1.8.0_211&amp;apos;
Driver info: io.appium.java_client.android.AndroidDriver
Capabilities {appActivity: pl.tablica2.app.startup.act..., appPackage: kz.slando, autoGrantPermissions: true, automationName: UiAutomator2, browserName: , databaseEnabled: false, desired: {appActivity: pl.tablica2.app.startup.act..., appPackage: kz.slando, autoGrantPermissions: true, automationName: UiAutomator2, browserName: , deviceName: Redmi 4, platformName: android, platformVersion: 7.1.2, udid: 8da7f05c7d44}, deviceApiLevel: 25, deviceManufacturer: Xiaomi, deviceModel: Redmi 4, deviceName: 8da7f05c7d44, deviceScreenDensity: 320, deviceScreenSize: 720x1280, deviceUDID: 8da7f05c7d44, javascriptEnabled: true, locationContextEnabled: false, networkConnectionEnabled: true, pixelRatio: 2, platform: LINUX, platformName: Android, platformVersion: 7.1.2, statBarHeight: 50, takesScreenshot: true, udid: 8da7f05c7d44, viewportRect: {height: 1230, left: 0, top: 50, width: 720}, warnings: {}, webStorageEnabled: false}
Session ID: 5f68605e-8c3d-4b28-8331-9a537d24d5a5
*** Element info: {Using=xpath, value=//*[@text=&amp;apos;Реклама&amp;apos;]}">
      <![CDATA[org.openqa.selenium.NoSuchElementException: An element could not be located on the page using the given search parameters.
For documentation on this error, please visit: https://www.seleniumhq.org/exceptions/no_such_element.html
Build info: version: '3.141.59', revision: 'e82be7d358', time: '2018-11-14T08:17:03'
System info: host: 'Admins-MacBook-Air.local', ip: 'fe80:0:0:0:c96:6d90:adce:c7cc%en0', os.name: 'Mac OS X', os.arch: 'x86_64', os.version: '10.14.5', java.version: '1.8.0_211'
Driver info: io.appium.java_client.android.AndroidDriver
Capabilities {appActivity: pl.tablica2.app.startup.act..., appPackage: kz.slando, autoGrantPermissions: true, automationName: UiAutomator2, browserName: , databaseEnabled: false, desired: {appActivity: pl.tablica2.app.startup.act..., appPackage: kz.slando, autoGrantPermissions: true, automationName: UiAutomator2, browserName: , deviceName: Redmi 4, platformName: android, platformVersion: 7.1.2, udid: 8da7f05c7d44}, deviceApiLevel: 25, deviceManufacturer: Xiaomi, deviceModel: Redmi 4, deviceName: 8da7f05c7d44, deviceScreenDensity: 320, deviceScreenSize: 720x1280, deviceUDID: 8da7f05c7d44, javascriptEnabled: true, locationContextEnabled: false, networkConnectionEnabled: true, pixelRatio: 2, platform: LINUX, platformName: Android, platformVersion: 7.1.2, statBarHeight: 50, takesScreenshot: true, udid: 8da7f05c7d44, viewportRect: {height: 1230, left: 0, top: 50, width: 720}, warnings: {}, webStorageEnabled: false}
Session ID: 5f68605e-8c3d-4b28-8331-9a537d24d5a5
*** Element info: {Using=xpath, value=//*[@text='Реклама']}
at org.openqa.selenium.remote.http.W3CHttpResponseCodec.createException(W3CHttpResponseCodec.java:187)
at org.openqa.selenium.remote.http.W3CHttpResponseCodec.decode(W3CHttpResponseCodec.java:122)
at org.openqa.selenium.remote.http.W3CHttpResponseCodec.decode(W3CHttpResponseCodec.java:49)
at org.openqa.selenium.remote.HttpCommandExecutor.execute(HttpCommandExecutor.java:158)
at io.appium.java_client.remote.AppiumCommandExecutor.execute(AppiumCommandExecutor.java:239)
at org.openqa.selenium.remote.RemoteWebDriver.execute(RemoteWebDriver.java:552)
at io.appium.java_client.DefaultGenericMobileDriver.execute(DefaultGenericMobileDriver.java:41)
at io.appium.java_client.AppiumDriver.execute(AppiumDriver.java:1)
at io.appium.java_client.android.AndroidDriver.execute(AndroidDriver.java:1)
at org.openqa.selenium.remote.RemoteWebDriver.findElement(RemoteWebDriver.java:323)
at io.appium.java_client.DefaultGenericMobileDriver.findElement(DefaultGenericMobileDriver.java:61)
at io.appium.java_client.AppiumDriver.findElement(AppiumDriver.java:1)
at io.appium.java_client.android.AndroidDriver.findElement(AndroidDriver.java:1)
at org.openqa.selenium.remote.RemoteWebDriver.findElementByXPath(RemoteWebDriver.java:428)
at io.appium.java_client.DefaultGenericMobileDriver.findElementByXPath(DefaultGenericMobileDriver.java:151)
at io.appium.java_client.AppiumDriver.findElementByXPath(AppiumDriver.java:1)
at io.appium.java_client.android.AndroidDriver.findElementByXPath(AndroidDriver.java:1)
at org.openqa.selenium.By$ByXPath.findElement(By.java:353)
at org.openqa.selenium.remote.RemoteWebDriver.findElement(RemoteWebDriver.java:315)
at io.appium.java_client.DefaultGenericMobileDriver.findElement(DefaultGenericMobileDriver.java:57)
at io.appium.java_client.AppiumDriver.findElement(AppiumDriver.java:1)
at io.appium.java_client.android.AndroidDriver.findElement(AndroidDriver.java:1)
at kz.olx.preConditions.submitForm(preConditions.java:339)
at kz.olx.runTest.firstTimeLogin(runTest.java:97)
at kz.olx.runTest.startTest(runTest.java:44)
... Removed 29 stack frames]]>
    </failure>
  </testcase> <!-- startTest -->
  <testcase name="startTest" time="91.359" classname="kz.olx.runTest">
    <failure type="org.openqa.selenium.InvalidSelectorException" message="io.appium.uiautomator2.common.exceptions.InvalidSelectorException: java.lang.IllegalArgumentException: Unable to compile &amp;apos;Ноутбуки и аксессуары&amp;apos;. See Cause.
	at io.appium.uiautomator2.core.AccessibilityNodeInfoDumper.findNodes(AccessibilityNodeInfoDumper.java:203)
	at io.appium.uiautomator2.utils.ElementLocationHelpers.getXPathNodeMatch(ElementLocationHelpers.java:71)
	at io.appium.uiautomator2.handler.FindElement.findElement(FindElement.java:104)
	at io.appium.uiautomator2.handler.FindElement.safeHandle(FindElement.java:75)
	at io.appium.uiautomator2.handler.request.SafeRequestHandler.handle(SafeRequestHandler.java:37)
	at io.appium.uiautomator2.server.AppiumServlet.handleRequest(AppiumServlet.java:252)
	at io.appium.uiautomator2.server.AppiumServlet.handleHttpRequest(AppiumServlet.java:243)
	at io.appium.uiautomator2.http.ServerHandler.channelRead(ServerHandler.java:44)
	at io.netty.channel.AbstractChannelHandlerContext.invokeChannelRead(AbstractChannelHandlerContext.java:366)
	at io.netty.channel.AbstractChannelHandlerContext.invokeChannelRead(AbstractChannelHandlerContext.java:352)
	at io.netty.channel.AbstractChannelHandlerContext.fireChannelRead(AbstractChannelHandlerContext.java:345)
	at io.netty.handler.codec.MessageToMessageDecoder.channelRead(MessageToMessageDecoder.java:102)
	at io.netty.channel.AbstractChannelHandlerContext.invokeChannelRead(AbstractChannelHandlerContext.java:366)
	at io.netty.channel.AbstractChannelHandlerContext.invokeChannelRead(AbstractChannelHandlerContext.java:352)
	at io.netty.channel.AbstractChannelHandlerContext.fireChannelRead(AbstractChannelHandlerContext.java:345)
	at io.netty.channel.CombinedChannelDuplexHandler$DelegatingChannelHandlerContext.fireChannelRead(CombinedChannelDuplexHandler.java:435)
	at io.netty.handler.codec.ByteToMessageDecoder.fireChannelRead(ByteToMessageDecoder.java:293)
	at io.netty.handler.codec.ByteToMessageDecoder.channelRead(ByteToMessageDecoder.java:267)
	at io.netty.channel.CombinedChannelDuplexHandler.channelRead(CombinedChannelDuplexHandler.java:250)
	at io.netty.channel.AbstractChannelHandlerContext.invokeChannelRead(AbstractChannelHandlerContext.java:366)
	at io.netty.channel.AbstractChannelHandlerContext.invokeChannelRead(AbstractChannelHandlerContext.java:352)
	at io.netty.channel.AbstractChannelHandlerContext.fireChannelRead(AbstractChannelHandlerContext.java:345)
	at io.netty.channel.DefaultChannelPipeline$HeadContext.channelRead(DefaultChannelPipeline.java:1294)
	at io.netty.channel.AbstractChannelHandlerContext.invokeChannelRead(AbstractChannelHandlerContext.java:366)
	at io.netty.channel.AbstractChannelHandlerContext.invokeChannelRead(AbstractChannelHandlerContext.java:352)
	at io.netty.channel.DefaultChannelPipeline.fireChannelRead(DefaultChannelPipeline.java:911)
	at io.netty.channel.nio.AbstractNioByteChannel$NioByteUnsafe.read(AbstractNioByteChannel.java:131)
	at io.netty.channel.nio.NioEventLoop.processSelectedKey(NioEventLoop.java:611)
	at io.netty.channel.nio.NioEventLoop.processSelectedKeysOptimized(NioEventLoop.java:552)
	at io.netty.channel.nio.NioEventLoop.processSelectedKeys(NioEventLoop.java:466)
	at io.netty.channel.nio.NioEventLoop.run(NioEventLoop.java:438)
	at io.netty.util.concurrent.SingleThreadEventExecutor$2.run(SingleThreadEventExecutor.java:140)
	at io.netty.util.concurrent.DefaultThreadFactory$DefaultRunnableDecorator.run(DefaultThreadFactory.java:144)
	at java.lang.Thread.run(Thread.java:760)
Caused by: java.lang.IllegalArgumentException: Unable to compile &amp;apos;Ноутбуки и аксессуары&amp;apos;. See Cause.
	at org.jdom2.xpath.jaxen.JaxenCompiled.&amp;lt;init&amp;gt;(JaxenCompiled.java:152)
	at org.jdom2.xpath.jaxen.JaxenXPathFactory.compile(JaxenXPathFactory.java:82)
	at org.jdom2.xpath.XPathFactory.compile(XPathFactory.java:282)
	at io.appium.uiautomator2.core.AccessibilityNodeInfoDumper.findNodes(AccessibilityNodeInfoDumper.java:201)
	... 33 more
Caused by: org.jaxen.XPathSyntaxException: Unexpected &amp;apos;и аксессуары&amp;apos;
	at org.jaxen.BaseXPath.&amp;lt;init&amp;gt;(BaseXPath.java:121)
	at org.jaxen.BaseXPath.&amp;lt;init&amp;gt;(BaseXPath.java:142)
	at org.jdom2.xpath.jaxen.JaxenCompiled.&amp;lt;init&amp;gt;(JaxenCompiled.java:150)
	... 36 more
Caused by: class org.jaxen.saxpath.XPathSyntaxException: Ноутбуки и аксессуары: 9: Unexpected &amp;apos;и аксессуары&amp;apos;
	at org.jaxen.saxpath.base.XPathReader.createSyntaxException(XPathReader.java:1085)
	at org.jaxen.saxpath.base.XPathReader.parse(XPathReader.java:106)
	at org.jaxen.BaseXPath.&amp;lt;init&amp;gt;(BaseXPath.java:116)
	... 38 more

For documentation on this error, please visit: https://www.seleniumhq.org/exceptions/invalid_selector_exception.html
Build info: version: &amp;apos;3.141.59&amp;apos;, revision: &amp;apos;e82be7d358&amp;apos;, time: &amp;apos;2018-11-14T08:17:03&amp;apos;
System info: host: &amp;apos;Admins-MacBook-Air.local&amp;apos;, ip: &amp;apos;fe80:0:0:0:c96:6d90:adce:c7cc%en0&amp;apos;, os.name: &amp;apos;Mac OS X&amp;apos;, os.arch: &amp;apos;x86_64&amp;apos;, os.version: &amp;apos;10.14.5&amp;apos;, java.version: &amp;apos;1.8.0_211&amp;apos;
Driver info: io.appium.java_client.android.AndroidDriver
Capabilities {appActivity: pl.tablica2.app.startup.act..., appPackage: kz.slando, autoGrantPermissions: true, automationName: UiAutomator2, browserName: , databaseEnabled: false, desired: {appActivity: pl.tablica2.app.startup.act..., appPackage: kz.slando, autoGrantPermissions: true, automationName: UiAutomator2, browserName: , deviceName: Redmi 4, platformName: android, platformVersion: 7.1.2, udid: 8da7f05c7d44}, deviceApiLevel: 25, deviceManufacturer: Xiaomi, deviceModel: Redmi 4, deviceName: 8da7f05c7d44, deviceScreenDensity: 320, deviceScreenSize: 720x1280, deviceUDID: 8da7f05c7d44, javascriptEnabled: true, locationContextEnabled: false, networkConnectionEnabled: true, pixelRatio: 2, platform: LINUX, platformName: Android, platformVersion: 7.1.2, statBarHeight: 50, takesScreenshot: true, udid: 8da7f05c7d44, viewportRect: {height: 1230, left: 0, top: 50, width: 720}, warnings: {}, webStorageEnabled: false}
Session ID: 5f68605e-8c3d-4b28-8331-9a537d24d5a5
*** Element info: {Using=xpath, value=Ноутбуки и аксессуары}">
      <![CDATA[org.openqa.selenium.InvalidSelectorException: io.appium.uiautomator2.common.exceptions.InvalidSelectorException: java.lang.IllegalArgumentException: Unable to compile 'Ноутбуки и аксессуары'. See Cause.
at io.appium.uiautomator2.core.AccessibilityNodeInfoDumper.findNodes(AccessibilityNodeInfoDumper.java:203)
at io.appium.uiautomator2.utils.ElementLocationHelpers.getXPathNodeMatch(ElementLocationHelpers.java:71)
at io.appium.uiautomator2.handler.FindElement.findElement(FindElement.java:104)
at io.appium.uiautomator2.handler.FindElement.safeHandle(FindElement.java:75)
at io.appium.uiautomator2.handler.request.SafeRequestHandler.handle(SafeRequestHandler.java:37)
at io.appium.uiautomator2.server.AppiumServlet.handleRequest(AppiumServlet.java:252)
at io.appium.uiautomator2.server.AppiumServlet.handleHttpRequest(AppiumServlet.java:243)
at io.appium.uiautomator2.http.ServerHandler.channelRead(ServerHandler.java:44)
at io.netty.channel.AbstractChannelHandlerContext.invokeChannelRead(AbstractChannelHandlerContext.java:366)
at io.netty.channel.AbstractChannelHandlerContext.invokeChannelRead(AbstractChannelHandlerContext.java:352)
at io.netty.channel.AbstractChannelHandlerContext.fireChannelRead(AbstractChannelHandlerContext.java:345)
at io.netty.handler.codec.MessageToMessageDecoder.channelRead(MessageToMessageDecoder.java:102)
at io.netty.channel.AbstractChannelHandlerContext.invokeChannelRead(AbstractChannelHandlerContext.java:366)
at io.netty.channel.AbstractChannelHandlerContext.invokeChannelRead(AbstractChannelHandlerContext.java:352)
at io.netty.channel.AbstractChannelHandlerContext.fireChannelRead(AbstractChannelHandlerContext.java:345)
at io.netty.channel.CombinedChannelDuplexHandler$DelegatingChannelHandlerContext.fireChannelRead(CombinedChannelDuplexHandler.java:435)
at io.netty.handler.codec.ByteToMessageDecoder.fireChannelRead(ByteToMessageDecoder.java:293)
at io.netty.handler.codec.ByteToMessageDecoder.channelRead(ByteToMessageDecoder.java:267)
at io.netty.channel.CombinedChannelDuplexHandler.channelRead(CombinedChannelDuplexHandler.java:250)
at io.netty.channel.AbstractChannelHandlerContext.invokeChannelRead(AbstractChannelHandlerContext.java:366)
at io.netty.channel.AbstractChannelHandlerContext.invokeChannelRead(AbstractChannelHandlerContext.java:352)
at io.netty.channel.AbstractChannelHandlerContext.fireChannelRead(AbstractChannelHandlerContext.java:345)
at io.netty.channel.DefaultChannelPipeline$HeadContext.channelRead(DefaultChannelPipeline.java:1294)
at io.netty.channel.AbstractChannelHandlerContext.invokeChannelRead(AbstractChannelHandlerContext.java:366)
at io.netty.channel.AbstractChannelHandlerContext.invokeChannelRead(AbstractChannelHandlerContext.java:352)
at io.netty.channel.DefaultChannelPipeline.fireChannelRead(DefaultChannelPipeline.java:911)
at io.netty.channel.nio.AbstractNioByteChannel$NioByteUnsafe.read(AbstractNioByteChannel.java:131)
at io.netty.channel.nio.NioEventLoop.processSelectedKey(NioEventLoop.java:611)
at io.netty.channel.nio.NioEventLoop.processSelectedKeysOptimized(NioEventLoop.java:552)
at io.netty.channel.nio.NioEventLoop.processSelectedKeys(NioEventLoop.java:466)
at io.netty.channel.nio.NioEventLoop.run(NioEventLoop.java:438)
at io.netty.util.concurrent.SingleThreadEventExecutor$2.run(SingleThreadEventExecutor.java:140)
at io.netty.util.concurrent.DefaultThreadFactory$DefaultRunnableDecorator.run(DefaultThreadFactory.java:144)
at java.lang.Thread.run(Thread.java:760)
Caused by: java.lang.IllegalArgumentException: Unable to compile 'Ноутбуки и аксессуары'. See Cause.
at org.jdom2.xpath.jaxen.JaxenCompiled.<init>(JaxenCompiled.java:152)
at org.jdom2.xpath.jaxen.JaxenXPathFactory.compile(JaxenXPathFactory.java:82)
at org.jdom2.xpath.XPathFactory.compile(XPathFactory.java:282)
at io.appium.uiautomator2.core.AccessibilityNodeInfoDumper.findNodes(AccessibilityNodeInfoDumper.java:201)
... 33 more
Caused by: org.jaxen.XPathSyntaxException: Unexpected 'и аксессуары'
at org.jaxen.BaseXPath.<init>(BaseXPath.java:121)
at org.jaxen.BaseXPath.<init>(BaseXPath.java:142)
at org.jdom2.xpath.jaxen.JaxenCompiled.<init>(JaxenCompiled.java:150)
... 36 more
Caused by: class org.jaxen.saxpath.XPathSyntaxException: Ноутбуки и аксессуары: 9: Unexpected 'и аксессуары'
at org.jaxen.saxpath.base.XPathReader.createSyntaxException(XPathReader.java:1085)
at org.jaxen.saxpath.base.XPathReader.parse(XPathReader.java:106)
at org.jaxen.BaseXPath.<init>(BaseXPath.java:116)
... 38 more

For documentation on this error, please visit: https://www.seleniumhq.org/exceptions/invalid_selector_exception.html
Build info: version: '3.141.59', revision: 'e82be7d358', time: '2018-11-14T08:17:03'
System info: host: 'Admins-MacBook-Air.local', ip: 'fe80:0:0:0:c96:6d90:adce:c7cc%en0', os.name: 'Mac OS X', os.arch: 'x86_64', os.version: '10.14.5', java.version: '1.8.0_211'
Driver info: io.appium.java_client.android.AndroidDriver
Capabilities {appActivity: pl.tablica2.app.startup.act..., appPackage: kz.slando, autoGrantPermissions: true, automationName: UiAutomator2, browserName: , databaseEnabled: false, desired: {appActivity: pl.tablica2.app.startup.act..., appPackage: kz.slando, autoGrantPermissions: true, automationName: UiAutomator2, browserName: , deviceName: Redmi 4, platformName: android, platformVersion: 7.1.2, udid: 8da7f05c7d44}, deviceApiLevel: 25, deviceManufacturer: Xiaomi, deviceModel: Redmi 4, deviceName: 8da7f05c7d44, deviceScreenDensity: 320, deviceScreenSize: 720x1280, deviceUDID: 8da7f05c7d44, javascriptEnabled: true, locationContextEnabled: false, networkConnectionEnabled: true, pixelRatio: 2, platform: LINUX, platformName: Android, platformVersion: 7.1.2, statBarHeight: 50, takesScreenshot: true, udid: 8da7f05c7d44, viewportRect: {height: 1230, left: 0, top: 50, width: 720}, warnings: {}, webStorageEnabled: false}
Session ID: 5f68605e-8c3d-4b28-8331-9a537d24d5a5
*** Element info: {Using=xpath, value=Ноутбуки и аксессуары}
at org.openqa.selenium.remote.http.W3CHttpResponseCodec.createException(W3CHttpResponseCodec.java:187)
at org.openqa.selenium.remote.http.W3CHttpResponseCodec.decode(W3CHttpResponseCodec.java:122)
at org.openqa.selenium.remote.http.W3CHttpResponseCodec.decode(W3CHttpResponseCodec.java:49)
at org.openqa.selenium.remote.HttpCommandExecutor.execute(HttpCommandExecutor.java:158)
at io.appium.java_client.remote.AppiumCommandExecutor.execute(AppiumCommandExecutor.java:239)
at org.openqa.selenium.remote.RemoteWebDriver.execute(RemoteWebDriver.java:552)
at io.appium.java_client.DefaultGenericMobileDriver.execute(DefaultGenericMobileDriver.java:41)
at io.appium.java_client.AppiumDriver.execute(AppiumDriver.java:1)
at io.appium.java_client.android.AndroidDriver.execute(AndroidDriver.java:1)
at org.openqa.selenium.remote.RemoteWebDriver.findElement(RemoteWebDriver.java:323)
at io.appium.java_client.DefaultGenericMobileDriver.findElement(DefaultGenericMobileDriver.java:61)
at io.appium.java_client.AppiumDriver.findElement(AppiumDriver.java:1)
at io.appium.java_client.android.AndroidDriver.findElement(AndroidDriver.java:1)
at org.openqa.selenium.remote.RemoteWebDriver.findElementByXPath(RemoteWebDriver.java:428)
at io.appium.java_client.DefaultGenericMobileDriver.findElementByXPath(DefaultGenericMobileDriver.java:151)
at io.appium.java_client.AppiumDriver.findElementByXPath(AppiumDriver.java:1)
at io.appium.java_client.android.AndroidDriver.findElementByXPath(AndroidDriver.java:1)
at org.openqa.selenium.By$ByXPath.findElement(By.java:353)
at org.openqa.selenium.remote.RemoteWebDriver.findElement(RemoteWebDriver.java:315)
at io.appium.java_client.DefaultGenericMobileDriver.findElement(DefaultGenericMobileDriver.java:57)
at io.appium.java_client.AppiumDriver.findElement(AppiumDriver.java:1)
at io.appium.java_client.android.AndroidDriver.findElement(AndroidDriver.java:1)
at kz.olx.preConditions.setCategory(preConditions.java:260)
at kz.olx.preConditions.fillAdForm(preConditions.java:308)
at kz.olx.runTest.firstTimeLogin(runTest.java:95)
at kz.olx.runTest.startTest(runTest.java:44)
... Removed 29 stack frames]]>
    </failure>
  </testcase> <!-- startTest -->
</testsuite> <!-- Test -->
